Using pre-set license

 COMMAND LINE ARGUMENTS:
/Users/jamiemccarthy/Documents/Unity Stuff/2020.2.4f1/Unity.app/Contents/MacOS/Unity
-adb2
-batchMode
-noUpm
-name
AssetImportWorker0
-projectPath
/Users/jamiemccarthy/Documents/Unity Stuff/GameEngines2/Space Battle
-logFile
Logs/AssetImportWorker0.log
-srvPort
50634
Successfully changed project path to: /Users/jamiemccarthy/Documents/Unity Stuff/GameEngines2/Space Battle
/Users/jamiemccarthy/Documents/Unity Stuff/GameEngines2/Space Battle
Using Asset Import Pipeline V2.
Refreshing native plugins compatible for Editor in 20.47 ms, found 1 plugins.
Preloading 0 native plugins for Editor in 0.00 ms.
Initialize engine version: 2020.2.4f1 (becced5a802b)
[Subsystems] Discovering subsystems at path /Users/jamiemccarthy/Documents/Unity Stuff/2020.2.4f1/Unity.app/Contents/Resources/UnitySubsystems
[Subsystems] Discovering subsystems at path /Users/jamiemccarthy/Documents/Unity Stuff/GameEngines2/Space Battle/Assets
GfxDevice: creating device client; threaded=0
2021-04-05 15:22:11.615 Unity[1949:80040] Color LCD preferred device: Intel(R) UHD Graphics 630 (low power)
2021-04-05 15:22:11.615 Unity[1949:80040] Metal devices available: 2
2021-04-05 15:22:11.616 Unity[1949:80040] 0: AMD Radeon Pro 5500M (high power)
2021-04-05 15:22:11.616 Unity[1949:80040] 1: Intel(R) UHD Graphics 630 (low power)
2021-04-05 15:22:11.616 Unity[1949:80040] Using device AMD Radeon Pro 5500M (high power)
Initializing Metal device caps: AMD Radeon Pro 5500M
Initialize mono
Mono path[0] = '/Users/jamiemccarthy/Documents/Unity Stuff/2020.2.4f1/Unity.app/Contents/Managed'
Mono path[1] = '/Users/jamiemccarthy/Documents/Unity Stuff/2020.2.4f1/Unity.app/Contents/MonoBleedingEdge/lib/mono/unityjit'
Mono config path = '/Users/jamiemccarthy/Documents/Unity Stuff/2020.2.4f1/Unity.app/Contents/MonoBleedingEdge/etc'
Using monoOptions --debugger-agent=transport=dt_socket,embedding=1,server=y,suspend=n,address=127.0.0.1:56949
Begin MonoManager ReloadAssembly
Registering precompiled unity dll's ...
Register platform support module: /Users/jamiemccarthy/Documents/Unity Stuff/2020.2.4f1/PlaybackEngines/WebGLSupport/UnityEditor.WebGL.Extensions.dll
Register platform support module: /Users/jamiemccarthy/Documents/Unity Stuff/2020.2.4f1/Unity.app/Contents/PlaybackEngines/MacStandaloneSupport/UnityEditor.OSXStandalone.Extensions.dll
Register platform support module: /Users/jamiemccarthy/Documents/Unity Stuff/2020.2.4f1/PlaybackEngines/WindowsStandaloneSupport/UnityEditor.WindowsStandalone.Extensions.dll
Registered in 0.001172 seconds.
Native extension for WindowsStandalone target not found
Native extension for OSXStandalone target not found
Native extension for WebGL target not found
Refreshing native plugins compatible for Editor in 21.61 ms, found 1 plugins.
Preloading 0 native plugins for Editor in 0.00 ms.
Invoked RoslynAnalysisRunner static constructor.
RoslynAnalysisRunner will not be running.
RoslynAnalysisRunner has terminated.
Mono: successfully reloaded assembly
- Completed reload, in  2.192 seconds
Platform modules already initialized, skipping
Registering precompiled user dll's ...
Registered in 0.000537 seconds.
Begin MonoManager ReloadAssembly
Native extension for WindowsStandalone target not found
Native extension for OSXStandalone target not found
Native extension for WebGL target not found
Refreshing native plugins compatible for Editor in 0.18 ms, found 1 plugins.
Preloading 0 native plugins for Editor in 0.00 ms.
Invoked RoslynAnalysisRunner static constructor.
RoslynAnalysisRunner will not be running.
RoslynAnalysisRunner has terminated.
Mono: successfully reloaded assembly
- Completed reload, in  0.814 seconds
Platform modules already initialized, skipping
========================================================================
Worker process is ready to serve import requests
Launching external process: /Users/jamiemccarthy/Documents/Unity Stuff/2020.2.4f1/Unity.app/Contents/Tools/UnityShaderCompiler
Launched and connected shader compiler UnityShaderCompiler after 0.01 seconds
Refreshing native plugins compatible for Editor in 0.28 ms, found 1 plugins.
Preloading 0 native plugins for Editor in 0.00 ms.
Unloading 1090 Unused Serialized files (Serialized files now loaded: 0)
System memory in use before: 110.3 MB.
System memory in use after: 110.4 MB.

Unloading 9 unused Assets to reduce memory usage. Loaded Objects now: 1532.
Total: 1.827070 ms (FindLiveObjects: 0.166699 ms CreateObjectMapping: 0.045533 ms MarkObjects: 1.548996 ms  DeleteObjects: 0.064742 ms)

========================================================================
Received Import Request.
  path: Assets/Models/Whale/Purrgil.prefab
  artifactKey: Guid(37138cd1051154ba28891e2936c13d76) Importer(815301076,1909f56bfc062723c751e8b465ee728b)
Start importing Assets/Models/Whale/Purrgil.prefab using Guid(37138cd1051154ba28891e2936c13d76) Importer(815301076,1909f56bfc062723c751e8b465ee728b)  -> (artifact id: '0abfdfca65977ee462b84e41e9ae291d') in 2.213638 seconds
  Import took 2.215737 seconds .

========================================================================
Received Prepare
Registering precompiled user dll's ...
Registered in 0.000484 seconds.
Begin MonoManager ReloadAssembly
Native extension for WindowsStandalone target not found
Native extension for OSXStandalone target not found
Native extension for WebGL target not found
Refreshing native plugins compatible for Editor in 0.17 ms, found 1 plugins.
Preloading 0 native plugins for Editor in 0.00 ms.
Invoked RoslynAnalysisRunner static constructor.
RoslynAnalysisRunner will not be running.
RoslynAnalysisRunner has terminated.
Mono: successfully reloaded assembly
- Completed reload, in  0.767 seconds
Platform modules already initialized, skipping
Refreshing native plugins compatible for Editor in 0.12 ms, found 1 plugins.
Preloading 0 native plugins for Editor in 0.00 ms.
Unloading 1084 Unused Serialized files (Serialized files now loaded: 0)
System memory in use before: 131.9 MB.
System memory in use after: 132.0 MB.

Unloading 5 unused Assets to reduce memory usage. Loaded Objects now: 1543.
Total: 1.321448 ms (FindLiveObjects: 0.123460 ms CreateObjectMapping: 0.030512 ms MarkObjects: 1.149595 ms  DeleteObjects: 0.016807 ms)

========================================================================
Received Import Request.
  Time since last request: 436.105952 seconds.
  path: Assets/Models/Whale/Purrgil.prefab
  artifactKey: Guid(37138cd1051154ba28891e2936c13d76) Importer(815301076,1909f56bfc062723c751e8b465ee728b)
Start importing Assets/Models/Whale/Purrgil.prefab using Guid(37138cd1051154ba28891e2936c13d76) Importer(815301076,1909f56bfc062723c751e8b465ee728b)  -> (artifact id: '218acfe5743c5d9c7d28409ffcabf9e2') in 0.066132 seconds
  Import took 0.068336 seconds .

========================================================================
Received Prepare
Registering precompiled user dll's ...
Registered in 0.000596 seconds.
Begin MonoManager ReloadAssembly
Native extension for WindowsStandalone target not found
Native extension for OSXStandalone target not found
Native extension for WebGL target not found
Refreshing native plugins compatible for Editor in 0.18 ms, found 1 plugins.
Preloading 0 native plugins for Editor in 0.00 ms.
Invoked RoslynAnalysisRunner static constructor.
RoslynAnalysisRunner will not be running.
RoslynAnalysisRunner has terminated.
Mono: successfully reloaded assembly
- Completed reload, in  1.067 seconds
Platform modules already initialized, skipping
Refreshing native plugins compatible for Editor in 0.19 ms, found 1 plugins.
Preloading 0 native plugins for Editor in 0.00 ms.
Unloading 1084 Unused Serialized files (Serialized files now loaded: 0)
System memory in use before: 132.2 MB.
System memory in use after: 132.3 MB.

Unloading 5 unused Assets to reduce memory usage. Loaded Objects now: 1546.
Total: 1.422605 ms (FindLiveObjects: 0.138122 ms CreateObjectMapping: 0.031572 ms MarkObjects: 1.235697 ms  DeleteObjects: 0.015893 ms)

========================================================================
Received Import Request.
  Time since last request: 361.103214 seconds.
  path: Assets/Scripts/TempAvoidance.cs
  artifactKey: Guid(7434be2b8b33648feb6543a34200eca2) Importer(815301076,1909f56bfc062723c751e8b465ee728b)
Start importing Assets/Scripts/TempAvoidance.cs using Guid(7434be2b8b33648feb6543a34200eca2) Importer(815301076,1909f56bfc062723c751e8b465ee728b)  -> (artifact id: '1230393e1ec332f66c06b1707aa7c363') in 0.273112 seconds
  Import took 0.275016 seconds .

========================================================================
Received Prepare
Registering precompiled user dll's ...
Registered in 0.000420 seconds.
Begin MonoManager ReloadAssembly
Native extension for WindowsStandalone target not found
Native extension for OSXStandalone target not found
Native extension for WebGL target not found
Refreshing native plugins compatible for Editor in 0.17 ms, found 1 plugins.
Preloading 0 native plugins for Editor in 0.00 ms.
Invoked RoslynAnalysisRunner static constructor.
RoslynAnalysisRunner will not be running.
RoslynAnalysisRunner has terminated.
Mono: successfully reloaded assembly
- Completed reload, in  0.764 seconds
Platform modules already initialized, skipping
Refreshing native plugins compatible for Editor in 0.14 ms, found 1 plugins.
Preloading 0 native plugins for Editor in 0.00 ms.
Unloading 1085 Unused Serialized files (Serialized files now loaded: 0)
System memory in use before: 136.7 MB.
System memory in use after: 136.8 MB.

Unloading 4 unused Assets to reduce memory usage. Loaded Objects now: 1549.
Total: 2.401250 ms (FindLiveObjects: 0.278249 ms CreateObjectMapping: 0.085506 ms MarkObjects: 2.014203 ms  DeleteObjects: 0.020876 ms)

========================================================================
Received Prepare
Registering precompiled user dll's ...
Registered in 0.000434 seconds.
Begin MonoManager ReloadAssembly
Native extension for WindowsStandalone target not found
Native extension for OSXStandalone target not found
Native extension for WebGL target not found
Refreshing native plugins compatible for Editor in 0.22 ms, found 1 plugins.
Preloading 0 native plugins for Editor in 0.00 ms.
Invoked RoslynAnalysisRunner static constructor.
RoslynAnalysisRunner will not be running.
RoslynAnalysisRunner has terminated.
Mono: successfully reloaded assembly
- Completed reload, in  1.081 seconds
Platform modules already initialized, skipping
Refreshing native plugins compatible for Editor in 0.17 ms, found 1 plugins.
Preloading 0 native plugins for Editor in 0.00 ms.
Unloading 1085 Unused Serialized files (Serialized files now loaded: 0)
System memory in use before: 136.9 MB.
System memory in use after: 137.0 MB.

Unloading 4 unused Assets to reduce memory usage. Loaded Objects now: 1551.
Total: 1.563462 ms (FindLiveObjects: 0.225454 ms CreateObjectMapping: 0.029373 ms MarkObjects: 1.297775 ms  DeleteObjects: 0.010155 ms)

========================================================================
Received Import Request.
  Time since last request: 41.395583 seconds.
  path: Assets/Scripts/TempAvoidance.cs
  artifactKey: Guid(7434be2b8b33648feb6543a34200eca2) Importer(815301076,1909f56bfc062723c751e8b465ee728b)
Start importing Assets/Scripts/TempAvoidance.cs using Guid(7434be2b8b33648feb6543a34200eca2) Importer(815301076,1909f56bfc062723c751e8b465ee728b)  -> (artifact id: 'e17336db0a45ac2b776e477872191ed4') in 0.003996 seconds
  Import took 0.005837 seconds .

========================================================================
Received Import Request.
  Time since last request: 0.004120 seconds.
  path: Assets/Scripts/TempAvoidance.cs
  artifactKey: Guid(7434be2b8b33648feb6543a34200eca2) Importer(815301076,1909f56bfc062723c751e8b465ee728b)
Start importing Assets/Scripts/TempAvoidance.cs using Guid(7434be2b8b33648feb6543a34200eca2) Importer(815301076,1909f56bfc062723c751e8b465ee728b)  -> (artifact id: 'e17336db0a45ac2b776e477872191ed4') in 0.002295 seconds
  Import took 0.004328 seconds .

========================================================================
Received Import Request.
  Time since last request: 85.617679 seconds.
  path: Assets/Scripts/TempAvoidance.cs
  artifactKey: Guid(7434be2b8b33648feb6543a34200eca2) Importer(815301076,1909f56bfc062723c751e8b465ee728b)
Start importing Assets/Scripts/TempAvoidance.cs using Guid(7434be2b8b33648feb6543a34200eca2) Importer(815301076,1909f56bfc062723c751e8b465ee728b)  -> (artifact id: 'abd2fd19d8729fe18a010b7f3a1dd1f4') in 0.002760 seconds
  Import took 0.004536 seconds .

========================================================================
Received Import Request.
  Time since last request: 10.478403 seconds.
  path: Assets/Scripts/TempAvoidance.cs
  artifactKey: Guid(7434be2b8b33648feb6543a34200eca2) Importer(815301076,1909f56bfc062723c751e8b465ee728b)
Start importing Assets/Scripts/TempAvoidance.cs using Guid(7434be2b8b33648feb6543a34200eca2) Importer(815301076,1909f56bfc062723c751e8b465ee728b)  -> (artifact id: '16ef35f6ddfc8193d9599ca6a28e16d5') in 0.005462 seconds
  Import took 0.008323 seconds .

========================================================================
Received Import Request.
  Time since last request: 9.624030 seconds.
  path: Assets/Scripts/TempAvoidance.cs
  artifactKey: Guid(7434be2b8b33648feb6543a34200eca2) Importer(815301076,1909f56bfc062723c751e8b465ee728b)
Start importing Assets/Scripts/TempAvoidance.cs using Guid(7434be2b8b33648feb6543a34200eca2) Importer(815301076,1909f56bfc062723c751e8b465ee728b)  -> (artifact id: 'd6aa9ffe6ab7118b195bbddb82701046') in 0.004194 seconds
  Import took 0.006361 seconds .

========================================================================
Received Prepare
Registering precompiled user dll's ...
Registered in 0.000421 seconds.
Begin MonoManager ReloadAssembly
Native extension for WindowsStandalone target not found
Native extension for OSXStandalone target not found
Native extension for WebGL target not found
Refreshing native plugins compatible for Editor in 0.25 ms, found 1 plugins.
Preloading 0 native plugins for Editor in 0.00 ms.
Invoked RoslynAnalysisRunner static constructor.
RoslynAnalysisRunner will not be running.
RoslynAnalysisRunner has terminated.
Mono: successfully reloaded assembly
- Completed reload, in  0.773 seconds
Platform modules already initialized, skipping
Refreshing native plugins compatible for Editor in 0.12 ms, found 1 plugins.
Preloading 0 native plugins for Editor in 0.00 ms.
Unloading 1085 Unused Serialized files (Serialized files now loaded: 0)
System memory in use before: 137.1 MB.
System memory in use after: 137.2 MB.

Unloading 4 unused Assets to reduce memory usage. Loaded Objects now: 1553.
Total: 1.289202 ms (FindLiveObjects: 0.213081 ms CreateObjectMapping: 0.027161 ms MarkObjects: 1.039035 ms  DeleteObjects: 0.008757 ms)

========================================================================
Received Import Request.
  Time since last request: 14.840523 seconds.
  path: Assets/Scripts/TempAvoidance.cs
  artifactKey: Guid(7434be2b8b33648feb6543a34200eca2) Importer(815301076,1909f56bfc062723c751e8b465ee728b)
Start importing Assets/Scripts/TempAvoidance.cs using Guid(7434be2b8b33648feb6543a34200eca2) Importer(815301076,1909f56bfc062723c751e8b465ee728b)  -> (artifact id: '36d6d27d9530b9e1c5b9e81a519d4063') in 0.005393 seconds
  Import took 0.009703 seconds .

========================================================================
Received Prepare
Registering precompiled user dll's ...
Registered in 0.000604 seconds.
Begin MonoManager ReloadAssembly
Native extension for WindowsStandalone target not found
Native extension for OSXStandalone target not found
Native extension for WebGL target not found
Refreshing native plugins compatible for Editor in 0.19 ms, found 1 plugins.
Preloading 0 native plugins for Editor in 0.00 ms.
Invoked RoslynAnalysisRunner static constructor.
RoslynAnalysisRunner will not be running.
RoslynAnalysisRunner has terminated.
Mono: successfully reloaded assembly
- Completed reload, in  0.924 seconds
Platform modules already initialized, skipping
Refreshing native plugins compatible for Editor in 0.67 ms, found 1 plugins.
Preloading 0 native plugins for Editor in 0.00 ms.
Unloading 1085 Unused Serialized files (Serialized files now loaded: 0)
System memory in use before: 137.3 MB.
System memory in use after: 137.4 MB.

Unloading 4 unused Assets to reduce memory usage. Loaded Objects now: 1555.
Total: 2.117769 ms (FindLiveObjects: 0.301861 ms CreateObjectMapping: 0.057634 ms MarkObjects: 1.705729 ms  DeleteObjects: 0.050783 ms)

========================================================================
Received Import Request.
  Time since last request: 49.031434 seconds.
  path: Assets/Scripts/TempAvoidance.cs
  artifactKey: Guid(7434be2b8b33648feb6543a34200eca2) Importer(815301076,1909f56bfc062723c751e8b465ee728b)
Start importing Assets/Scripts/TempAvoidance.cs using Guid(7434be2b8b33648feb6543a34200eca2) Importer(815301076,1909f56bfc062723c751e8b465ee728b)  -> (artifact id: '8607ae7688f0c3e7df0713b9ab1a67b6') in 0.004726 seconds
  Import took 0.006999 seconds .

========================================================================
Received Import Request.
  Time since last request: 0.006749 seconds.
  path: Assets/Scripts/TempAvoidance.cs
  artifactKey: Guid(7434be2b8b33648feb6543a34200eca2) Importer(815301076,1909f56bfc062723c751e8b465ee728b)
Start importing Assets/Scripts/TempAvoidance.cs using Guid(7434be2b8b33648feb6543a34200eca2) Importer(815301076,1909f56bfc062723c751e8b465ee728b)  -> (artifact id: '8607ae7688f0c3e7df0713b9ab1a67b6') in 0.002273 seconds
  Import took 0.005156 seconds .

========================================================================
Received Prepare
Registering precompiled user dll's ...
Registered in 0.000386 seconds.
Begin MonoManager ReloadAssembly
Native extension for WindowsStandalone target not found
Native extension for OSXStandalone target not found
Native extension for WebGL target not found
Refreshing native plugins compatible for Editor in 0.19 ms, found 1 plugins.
Preloading 0 native plugins for Editor in 0.00 ms.
Invoked RoslynAnalysisRunner static constructor.
RoslynAnalysisRunner will not be running.
RoslynAnalysisRunner has terminated.
Mono: successfully reloaded assembly
- Completed reload, in  1.070 seconds
Platform modules already initialized, skipping
Refreshing native plugins compatible for Editor in 0.17 ms, found 1 plugins.
Preloading 0 native plugins for Editor in 0.00 ms.
Unloading 1085 Unused Serialized files (Serialized files now loaded: 0)
System memory in use before: 137.5 MB.
System memory in use after: 137.6 MB.

Unloading 4 unused Assets to reduce memory usage. Loaded Objects now: 1557.
Total: 1.469567 ms (FindLiveObjects: 0.239869 ms CreateObjectMapping: 0.027393 ms MarkObjects: 1.191878 ms  DeleteObjects: 0.009667 ms)

========================================================================
Received Import Request.
  Time since last request: 18.836994 seconds.
  path: Assets/Scripts/TempAvoidance.cs
  artifactKey: Guid(7434be2b8b33648feb6543a34200eca2) Importer(815301076,1909f56bfc062723c751e8b465ee728b)
Start importing Assets/Scripts/TempAvoidance.cs using Guid(7434be2b8b33648feb6543a34200eca2) Importer(815301076,1909f56bfc062723c751e8b465ee728b)  -> (artifact id: 'c3a572a22c87a057f41e0a45ddb2e6bd') in 0.003547 seconds
  Import took 0.005207 seconds .

========================================================================
Received Import Request.
  Time since last request: 0.004405 seconds.
  path: Assets/Scripts/TempAvoidance.cs
  artifactKey: Guid(7434be2b8b33648feb6543a34200eca2) Importer(815301076,1909f56bfc062723c751e8b465ee728b)
Start importing Assets/Scripts/TempAvoidance.cs using Guid(7434be2b8b33648feb6543a34200eca2) Importer(815301076,1909f56bfc062723c751e8b465ee728b)  -> (artifact id: 'c3a572a22c87a057f41e0a45ddb2e6bd') in 0.001730 seconds
  Import took 0.003170 seconds .

========================================================================
Received Import Request.
  Time since last request: 24.926376 seconds.
  path: Assets/Scripts/TempAvoidance.cs
  artifactKey: Guid(7434be2b8b33648feb6543a34200eca2) Importer(815301076,1909f56bfc062723c751e8b465ee728b)
Start importing Assets/Scripts/TempAvoidance.cs using Guid(7434be2b8b33648feb6543a34200eca2) Importer(815301076,1909f56bfc062723c751e8b465ee728b)  -> (artifact id: 'c030e8d40dff769654b3839b3672010d') in 0.003313 seconds
  Import took 0.005433 seconds .

========================================================================
Received Import Request.
  Time since last request: 28.263551 seconds.
  path: Assets/Scripts/TempAvoidance.cs
  artifactKey: Guid(7434be2b8b33648feb6543a34200eca2) Importer(815301076,1909f56bfc062723c751e8b465ee728b)
Start importing Assets/Scripts/TempAvoidance.cs using Guid(7434be2b8b33648feb6543a34200eca2) Importer(815301076,1909f56bfc062723c751e8b465ee728b)  -> (artifact id: '37d99a58b0d24781c280d385ca75b908') in 0.003196 seconds
  Import took 0.005267 seconds .

========================================================================
Received Prepare
Registering precompiled user dll's ...
Registered in 0.000431 seconds.
Begin MonoManager ReloadAssembly
Native extension for WindowsStandalone target not found
Native extension for OSXStandalone target not found
Native extension for WebGL target not found
Refreshing native plugins compatible for Editor in 0.17 ms, found 1 plugins.
Preloading 0 native plugins for Editor in 0.00 ms.
Invoked RoslynAnalysisRunner static constructor.
RoslynAnalysisRunner will not be running.
RoslynAnalysisRunner has terminated.
Mono: successfully reloaded assembly
- Completed reload, in  1.130 seconds
Platform modules already initialized, skipping
Refreshing native plugins compatible for Editor in 0.31 ms, found 1 plugins.
Preloading 0 native plugins for Editor in 0.00 ms.
Unloading 1085 Unused Serialized files (Serialized files now loaded: 0)
System memory in use before: 137.7 MB.
System memory in use after: 137.8 MB.

Unloading 4 unused Assets to reduce memory usage. Loaded Objects now: 1559.
Total: 1.329431 ms (FindLiveObjects: 0.123021 ms CreateObjectMapping: 0.029885 ms MarkObjects: 1.164352 ms  DeleteObjects: 0.011344 ms)

========================================================================
Received Import Request.
  Time since last request: 11.596808 seconds.
  path: Assets/Scripts/TempAvoidance.cs
  artifactKey: Guid(7434be2b8b33648feb6543a34200eca2) Importer(815301076,1909f56bfc062723c751e8b465ee728b)
Start importing Assets/Scripts/TempAvoidance.cs using Guid(7434be2b8b33648feb6543a34200eca2) Importer(815301076,1909f56bfc062723c751e8b465ee728b)  -> (artifact id: '3076a9590b33add56a5b933c14f4047b') in 0.003577 seconds
  Import took 0.005324 seconds .

========================================================================
Received Import Request.
  Time since last request: 0.004356 seconds.
  path: Assets/Scripts/TempAvoidance.cs
  artifactKey: Guid(7434be2b8b33648feb6543a34200eca2) Importer(815301076,1909f56bfc062723c751e8b465ee728b)
Start importing Assets/Scripts/TempAvoidance.cs using Guid(7434be2b8b33648feb6543a34200eca2) Importer(815301076,1909f56bfc062723c751e8b465ee728b)  -> (artifact id: '3076a9590b33add56a5b933c14f4047b') in 0.001743 seconds
  Import took 0.003342 seconds .

========================================================================
Received Import Request.
  Time since last request: 44.789293 seconds.
  path: Assets/Scripts/TempAvoidance.cs
  artifactKey: Guid(7434be2b8b33648feb6543a34200eca2) Importer(815301076,1909f56bfc062723c751e8b465ee728b)
Start importing Assets/Scripts/TempAvoidance.cs using Guid(7434be2b8b33648feb6543a34200eca2) Importer(815301076,1909f56bfc062723c751e8b465ee728b)  -> (artifact id: '4fe26cc70142f7694e572b4c12e34f81') in 0.003172 seconds
  Import took 0.005133 seconds .

========================================================================
Received Prepare
Registering precompiled user dll's ...
Registered in 0.000548 seconds.
Begin MonoManager ReloadAssembly
Native extension for WindowsStandalone target not found
Native extension for OSXStandalone target not found
Native extension for WebGL target not found
Refreshing native plugins compatible for Editor in 0.18 ms, found 1 plugins.
Preloading 0 native plugins for Editor in 0.00 ms.
Invoked RoslynAnalysisRunner static constructor.
RoslynAnalysisRunner will not be running.
RoslynAnalysisRunner has terminated.
Mono: successfully reloaded assembly
- Completed reload, in  0.826 seconds
Platform modules already initialized, skipping
Refreshing native plugins compatible for Editor in 0.19 ms, found 1 plugins.
Preloading 0 native plugins for Editor in 0.00 ms.
Unloading 1085 Unused Serialized files (Serialized files now loaded: 0)
System memory in use before: 137.9 MB.
System memory in use after: 138.0 MB.

Unloading 4 unused Assets to reduce memory usage. Loaded Objects now: 1561.
Total: 1.427243 ms (FindLiveObjects: 0.155197 ms CreateObjectMapping: 0.036693 ms MarkObjects: 1.223486 ms  DeleteObjects: 0.011035 ms)

========================================================================
Received Import Request.
  Time since last request: 20.025300 seconds.
  path: Assets/Scripts/TempAvoidance.cs
  artifactKey: Guid(7434be2b8b33648feb6543a34200eca2) Importer(815301076,1909f56bfc062723c751e8b465ee728b)
Start importing Assets/Scripts/TempAvoidance.cs using Guid(7434be2b8b33648feb6543a34200eca2) Importer(815301076,1909f56bfc062723c751e8b465ee728b)  -> (artifact id: '3f668023a3941872e7b238ca230e667f') in 0.003631 seconds
  Import took 0.005313 seconds .

========================================================================
Received Import Request.
  Time since last request: 0.004514 seconds.
  path: Assets/Scripts/TempAvoidance.cs
  artifactKey: Guid(7434be2b8b33648feb6543a34200eca2) Importer(815301076,1909f56bfc062723c751e8b465ee728b)
Start importing Assets/Scripts/TempAvoidance.cs using Guid(7434be2b8b33648feb6543a34200eca2) Importer(815301076,1909f56bfc062723c751e8b465ee728b)  -> (artifact id: '3f668023a3941872e7b238ca230e667f') in 0.003017 seconds
  Import took 0.004859 seconds .

========================================================================
Received Import Request.
  Time since last request: 141.934327 seconds.
  path: Assets/Scripts/TempAvoidance.cs
  artifactKey: Guid(7434be2b8b33648feb6543a34200eca2) Importer(815301076,1909f56bfc062723c751e8b465ee728b)
Start importing Assets/Scripts/TempAvoidance.cs using Guid(7434be2b8b33648feb6543a34200eca2) Importer(815301076,1909f56bfc062723c751e8b465ee728b)  -> (artifact id: '65eeee07acd9ea1f031015a5ebb9be39') in 0.003182 seconds
  Import took 0.005374 seconds .

========================================================================
Received Prepare
Registering precompiled user dll's ...
Registered in 0.000386 seconds.
Begin MonoManager ReloadAssembly
Native extension for WindowsStandalone target not found
Native extension for OSXStandalone target not found
Native extension for WebGL target not found
Refreshing native plugins compatible for Editor in 0.18 ms, found 1 plugins.
Preloading 0 native plugins for Editor in 0.00 ms.
Invoked RoslynAnalysisRunner static constructor.
RoslynAnalysisRunner will not be running.
RoslynAnalysisRunner has terminated.
Mono: successfully reloaded assembly
- Completed reload, in  1.387 seconds
Platform modules already initialized, skipping
Refreshing native plugins compatible for Editor in 0.19 ms, found 1 plugins.
Preloading 0 native plugins for Editor in 0.00 ms.
Unloading 1085 Unused Serialized files (Serialized files now loaded: 0)
System memory in use before: 138.1 MB.
System memory in use after: 138.2 MB.

Unloading 4 unused Assets to reduce memory usage. Loaded Objects now: 1563.
Total: 1.790554 ms (FindLiveObjects: 0.159955 ms CreateObjectMapping: 0.041885 ms MarkObjects: 1.572783 ms  DeleteObjects: 0.014743 ms)

========================================================================
Received Import Request.
  Time since last request: 21.156550 seconds.
  path: Assets/Scripts/TempAvoidance.cs
  artifactKey: Guid(7434be2b8b33648feb6543a34200eca2) Importer(815301076,1909f56bfc062723c751e8b465ee728b)
Start importing Assets/Scripts/TempAvoidance.cs using Guid(7434be2b8b33648feb6543a34200eca2) Importer(815301076,1909f56bfc062723c751e8b465ee728b)  -> (artifact id: '12ce5f2f1ec766b9e18b1292622cc1fd') in 0.003968 seconds
  Import took 0.005973 seconds .

========================================================================
Received Import Request.
  Time since last request: 11.658153 seconds.
  path: Assets/Scripts/TempAvoidance.cs
  artifactKey: Guid(7434be2b8b33648feb6543a34200eca2) Importer(815301076,1909f56bfc062723c751e8b465ee728b)
Start importing Assets/Scripts/TempAvoidance.cs using Guid(7434be2b8b33648feb6543a34200eca2) Importer(815301076,1909f56bfc062723c751e8b465ee728b)  -> (artifact id: 'f94bfcac296e6632efa874ff5a362b8b') in 0.002233 seconds
  Import took 0.004525 seconds .

========================================================================
Received Import Request.
  Time since last request: 41.727689 seconds.
  path: Assets/Scripts/TempAvoidance.cs
  artifactKey: Guid(7434be2b8b33648feb6543a34200eca2) Importer(815301076,1909f56bfc062723c751e8b465ee728b)
Start importing Assets/Scripts/TempAvoidance.cs using Guid(7434be2b8b33648feb6543a34200eca2) Importer(815301076,1909f56bfc062723c751e8b465ee728b)  -> (artifact id: 'b819a798ad0ff9f3dc68fa3a97e4fdda') in 0.001783 seconds
  Import took 0.003663 seconds .

========================================================================
Received Import Request.
  Time since last request: 46.112976 seconds.
  path: Assets/Scripts/TempAvoidance.cs
  artifactKey: Guid(7434be2b8b33648feb6543a34200eca2) Importer(815301076,1909f56bfc062723c751e8b465ee728b)
Start importing Assets/Scripts/TempAvoidance.cs using Guid(7434be2b8b33648feb6543a34200eca2) Importer(815301076,1909f56bfc062723c751e8b465ee728b)  -> (artifact id: '9ec96a4b33b8563dffd8870ca6efe2a0') in 0.002890 seconds
  Import took 0.004969 seconds .

========================================================================
Received Import Request.
  Time since last request: 10.983233 seconds.
  path: Assets/Scripts/TempAvoidance.cs
  artifactKey: Guid(7434be2b8b33648feb6543a34200eca2) Importer(815301076,1909f56bfc062723c751e8b465ee728b)
Start importing Assets/Scripts/TempAvoidance.cs using Guid(7434be2b8b33648feb6543a34200eca2) Importer(815301076,1909f56bfc062723c751e8b465ee728b)  -> (artifact id: '9ae4ce01674e8e913dbaa1a30b420ae0') in 0.002754 seconds
  Import took 0.004563 seconds .

========================================================================
Received Import Request.
  Time since last request: 20.213156 seconds.
  path: Assets/Scripts/TempAvoidance.cs
  artifactKey: Guid(7434be2b8b33648feb6543a34200eca2) Importer(815301076,1909f56bfc062723c751e8b465ee728b)
Start importing Assets/Scripts/TempAvoidance.cs using Guid(7434be2b8b33648feb6543a34200eca2) Importer(815301076,1909f56bfc062723c751e8b465ee728b)  -> (artifact id: '9c015dcfdaefb29d35d163fd0d844958') in 0.003067 seconds
  Import took 0.004969 seconds .

========================================================================
Received Import Request.
  Time since last request: 30.679516 seconds.
  path: Assets/Scripts/TempAvoidance.cs
  artifactKey: Guid(7434be2b8b33648feb6543a34200eca2) Importer(815301076,1909f56bfc062723c751e8b465ee728b)
Start importing Assets/Scripts/TempAvoidance.cs using Guid(7434be2b8b33648feb6543a34200eca2) Importer(815301076,1909f56bfc062723c751e8b465ee728b)  -> (artifact id: 'c8e44e9227c8fb97f7c998493cb20cc7') in 0.002852 seconds
  Import took 0.004696 seconds .

========================================================================
Received Prepare
Registering precompiled user dll's ...
Registered in 0.000407 seconds.
Begin MonoManager ReloadAssembly
Native extension for WindowsStandalone target not found
Native extension for OSXStandalone target not found
Native extension for WebGL target not found
Refreshing native plugins compatible for Editor in 0.18 ms, found 1 plugins.
Preloading 0 native plugins for Editor in 0.00 ms.
Invoked RoslynAnalysisRunner static constructor.
RoslynAnalysisRunner will not be running.
RoslynAnalysisRunner has terminated.
Mono: successfully reloaded assembly
- Completed reload, in  0.750 seconds
Platform modules already initialized, skipping
Refreshing native plugins compatible for Editor in 0.16 ms, found 1 plugins.
Preloading 0 native plugins for Editor in 0.00 ms.
Unloading 1085 Unused Serialized files (Serialized files now loaded: 0)
System memory in use before: 138.3 MB.
System memory in use after: 138.4 MB.

Unloading 4 unused Assets to reduce memory usage. Loaded Objects now: 1565.
Total: 1.621289 ms (FindLiveObjects: 0.263883 ms CreateObjectMapping: 0.045177 ms MarkObjects: 1.300615 ms  DeleteObjects: 0.010576 ms)

========================================================================
Received Import Request.
  Time since last request: 58.694565 seconds.
  path: Assets/Scripts/TempAvoidance.cs
  artifactKey: Guid(7434be2b8b33648feb6543a34200eca2) Importer(815301076,1909f56bfc062723c751e8b465ee728b)
Start importing Assets/Scripts/TempAvoidance.cs using Guid(7434be2b8b33648feb6543a34200eca2) Importer(815301076,1909f56bfc062723c751e8b465ee728b)  -> (artifact id: '58327c091502d1afcfb09675f36b2069') in 0.003570 seconds
  Import took 0.005203 seconds .

========================================================================
Received Import Request.
  Time since last request: 0.004372 seconds.
  path: Assets/Scripts/TempAvoidance.cs
  artifactKey: Guid(7434be2b8b33648feb6543a34200eca2) Importer(815301076,1909f56bfc062723c751e8b465ee728b)
Start importing Assets/Scripts/TempAvoidance.cs using Guid(7434be2b8b33648feb6543a34200eca2) Importer(815301076,1909f56bfc062723c751e8b465ee728b)  -> (artifact id: '58327c091502d1afcfb09675f36b2069') in 0.001692 seconds
  Import took 0.003304 seconds .

========================================================================
Received Prepare
Registering precompiled user dll's ...
Registered in 0.000508 seconds.
Begin MonoManager ReloadAssembly
Native extension for WindowsStandalone target not found
Native extension for OSXStandalone target not found
Native extension for WebGL target not found
Refreshing native plugins compatible for Editor in 0.43 ms, found 1 plugins.
Preloading 0 native plugins for Editor in 0.00 ms.
Invoked RoslynAnalysisRunner static constructor.
RoslynAnalysisRunner will not be running.
RoslynAnalysisRunner has terminated.
Mono: successfully reloaded assembly
- Completed reload, in  1.226 seconds
Platform modules already initialized, skipping
Refreshing native plugins compatible for Editor in 0.17 ms, found 1 plugins.
Preloading 0 native plugins for Editor in 0.00 ms.
Unloading 1085 Unused Serialized files (Serialized files now loaded: 0)
System memory in use before: 138.5 MB.
System memory in use after: 138.6 MB.

Unloading 4 unused Assets to reduce memory usage. Loaded Objects now: 1567.
Total: 1.391031 ms (FindLiveObjects: 0.157028 ms CreateObjectMapping: 0.034005 ms MarkObjects: 1.188081 ms  DeleteObjects: 0.010947 ms)

========================================================================
Received Import Request.
  Time since last request: 62.072914 seconds.
  path: Assets/Scripts/TempAvoidance.cs
  artifactKey: Guid(7434be2b8b33648feb6543a34200eca2) Importer(815301076,1909f56bfc062723c751e8b465ee728b)
Start importing Assets/Scripts/TempAvoidance.cs using Guid(7434be2b8b33648feb6543a34200eca2) Importer(815301076,1909f56bfc062723c751e8b465ee728b)  -> (artifact id: '6c8589768da98c77fdd8687fcc0c9602') in 0.011719 seconds
  Import took 0.016988 seconds .

========================================================================
Received Import Request.
  Time since last request: 0.011632 seconds.
  path: Assets/Scripts/TempAvoidance.cs
  artifactKey: Guid(7434be2b8b33648feb6543a34200eca2) Importer(815301076,1909f56bfc062723c751e8b465ee728b)
Start importing Assets/Scripts/TempAvoidance.cs using Guid(7434be2b8b33648feb6543a34200eca2) Importer(815301076,1909f56bfc062723c751e8b465ee728b)  -> (artifact id: '6c8589768da98c77fdd8687fcc0c9602') in 0.002323 seconds
  Import took 0.005215 seconds .

========================================================================
Received Import Request.
  Time since last request: 5.668433 seconds.
  path: Assets/Scripts/TempAvoidance.cs
  artifactKey: Guid(7434be2b8b33648feb6543a34200eca2) Importer(815301076,1909f56bfc062723c751e8b465ee728b)
Start importing Assets/Scripts/TempAvoidance.cs using Guid(7434be2b8b33648feb6543a34200eca2) Importer(815301076,1909f56bfc062723c751e8b465ee728b)  -> (artifact id: '0eaf8b7a76f57542c654a859b9118eff') in 0.002828 seconds
  Import took 0.004718 seconds .

========================================================================
Received Import Request.
  Time since last request: 6.417364 seconds.
  path: Assets/Scripts/TempAvoidance.cs
  artifactKey: Guid(7434be2b8b33648feb6543a34200eca2) Importer(815301076,1909f56bfc062723c751e8b465ee728b)
Start importing Assets/Scripts/TempAvoidance.cs using Guid(7434be2b8b33648feb6543a34200eca2) Importer(815301076,1909f56bfc062723c751e8b465ee728b)  -> (artifact id: 'f78f7aa4746e450e9b339e4d01acbf8e') in 0.004175 seconds
  Import took 0.006826 seconds .

========================================================================
Received Import Request.
  Time since last request: 38.595383 seconds.
  path: Assets/Scripts/TempAvoidance.cs
  artifactKey: Guid(7434be2b8b33648feb6543a34200eca2) Importer(815301076,1909f56bfc062723c751e8b465ee728b)
Start importing Assets/Scripts/TempAvoidance.cs using Guid(7434be2b8b33648feb6543a34200eca2) Importer(815301076,1909f56bfc062723c751e8b465ee728b)  -> (artifact id: '17e3945d6bfe172d23fe084eb3d44f1c') in 0.004230 seconds
  Import took 0.010708 seconds .

========================================================================
Received Prepare
Registering precompiled user dll's ...
Registered in 0.000533 seconds.
Begin MonoManager ReloadAssembly
Native extension for WindowsStandalone target not found
Native extension for OSXStandalone target not found
Native extension for WebGL target not found
Refreshing native plugins compatible for Editor in 0.20 ms, found 1 plugins.
Preloading 0 native plugins for Editor in 0.00 ms.
Invoked RoslynAnalysisRunner static constructor.
RoslynAnalysisRunner will not be running.
RoslynAnalysisRunner has terminated.
Mono: successfully reloaded assembly
- Completed reload, in  0.918 seconds
Platform modules already initialized, skipping
Refreshing native plugins compatible for Editor in 0.21 ms, found 1 plugins.
Preloading 0 native plugins for Editor in 0.00 ms.
Unloading 1085 Unused Serialized files (Serialized files now loaded: 0)
System memory in use before: 138.7 MB.
System memory in use after: 138.8 MB.

Unloading 4 unused Assets to reduce memory usage. Loaded Objects now: 1569.
Total: 1.521248 ms (FindLiveObjects: 0.168319 ms CreateObjectMapping: 0.033948 ms MarkObjects: 1.305142 ms  DeleteObjects: 0.012781 ms)

========================================================================
Received Prepare
Registering precompiled user dll's ...
Registered in 0.000500 seconds.
Begin MonoManager ReloadAssembly
Native extension for WindowsStandalone target not found
Native extension for OSXStandalone target not found
Native extension for WebGL target not found
Refreshing native plugins compatible for Editor in 0.19 ms, found 1 plugins.
Preloading 0 native plugins for Editor in 0.00 ms.
Invoked RoslynAnalysisRunner static constructor.
RoslynAnalysisRunner will not be running.
RoslynAnalysisRunner has terminated.
Mono: successfully reloaded assembly
- Completed reload, in  0.930 seconds
Platform modules already initialized, skipping
Refreshing native plugins compatible for Editor in 0.30 ms, found 1 plugins.
Preloading 0 native plugins for Editor in 0.00 ms.
Unloading 1085 Unused Serialized files (Serialized files now loaded: 0)
System memory in use before: 138.9 MB.
System memory in use after: 139.0 MB.

Unloading 4 unused Assets to reduce memory usage. Loaded Objects now: 1571.
Total: 1.483505 ms (FindLiveObjects: 0.135128 ms CreateObjectMapping: 0.037811 ms MarkObjects: 1.297675 ms  DeleteObjects: 0.011963 ms)

========================================================================
Received Prepare
Registering precompiled user dll's ...
Registered in 0.000421 seconds.
Begin MonoManager ReloadAssembly
Native extension for WindowsStandalone target not found
Native extension for OSXStandalone target not found
Native extension for WebGL target not found
Refreshing native plugins compatible for Editor in 0.18 ms, found 1 plugins.
Preloading 0 native plugins for Editor in 0.00 ms.
Invoked RoslynAnalysisRunner static constructor.
RoslynAnalysisRunner will not be running.
RoslynAnalysisRunner has terminated.
Mono: successfully reloaded assembly
- Completed reload, in  0.791 seconds
Platform modules already initialized, skipping
Refreshing native plugins compatible for Editor in 0.19 ms, found 1 plugins.
Preloading 0 native plugins for Editor in 0.00 ms.
Unloading 1085 Unused Serialized files (Serialized files now loaded: 0)
System memory in use before: 139.1 MB.
System memory in use after: 139.2 MB.

Unloading 4 unused Assets to reduce memory usage. Loaded Objects now: 1573.
Total: 1.614470 ms (FindLiveObjects: 0.173468 ms CreateObjectMapping: 0.045907 ms MarkObjects: 1.378047 ms  DeleteObjects: 0.014648 ms)

========================================================================
Received Prepare
Registering precompiled user dll's ...
Registered in 0.001574 seconds.
Begin MonoManager ReloadAssembly
Native extension for WindowsStandalone target not found
Native extension for OSXStandalone target not found
Native extension for WebGL target not found
Refreshing native plugins compatible for Editor in 0.17 ms, found 1 plugins.
Preloading 0 native plugins for Editor in 0.00 ms.
Invoked RoslynAnalysisRunner static constructor.
RoslynAnalysisRunner will not be running.
RoslynAnalysisRunner has terminated.
Mono: successfully reloaded assembly
- Completed reload, in  0.880 seconds
Platform modules already initialized, skipping
Refreshing native plugins compatible for Editor in 0.18 ms, found 1 plugins.
Preloading 0 native plugins for Editor in 0.00 ms.
Unloading 1085 Unused Serialized files (Serialized files now loaded: 0)
System memory in use before: 139.3 MB.
System memory in use after: 139.4 MB.

Unloading 4 unused Assets to reduce memory usage. Loaded Objects now: 1575.
Total: 1.312702 ms (FindLiveObjects: 0.162312 ms CreateObjectMapping: 0.030807 ms MarkObjects: 1.107744 ms  DeleteObjects: 0.010999 ms)

========================================================================
Received Prepare
Registering precompiled user dll's ...
Registered in 0.000467 seconds.
Begin MonoManager ReloadAssembly
Native extension for WindowsStandalone target not found
Native extension for OSXStandalone target not found
Native extension for WebGL target not found
Refreshing native plugins compatible for Editor in 0.18 ms, found 1 plugins.
Preloading 0 native plugins for Editor in 0.00 ms.
Invoked RoslynAnalysisRunner static constructor.
RoslynAnalysisRunner will not be running.
RoslynAnalysisRunner has terminated.
Mono: successfully reloaded assembly
- Completed reload, in  1.089 seconds
Platform modules already initialized, skipping
Refreshing native plugins compatible for Editor in 0.18 ms, found 1 plugins.
Preloading 0 native plugins for Editor in 0.00 ms.
Unloading 1085 Unused Serialized files (Serialized files now loaded: 0)
System memory in use before: 139.5 MB.
System memory in use after: 139.6 MB.

Unloading 4 unused Assets to reduce memory usage. Loaded Objects now: 1577.
Total: 1.247266 ms (FindLiveObjects: 0.173398 ms CreateObjectMapping: 0.027923 ms MarkObjects: 1.035883 ms  DeleteObjects: 0.009314 ms)

========================================================================
Received Prepare
Registering precompiled user dll's ...
Registered in 0.001552 seconds.
Begin MonoManager ReloadAssembly
Native extension for WindowsStandalone target not found
Native extension for OSXStandalone target not found
Native extension for WebGL target not found
Refreshing native plugins compatible for Editor in 0.26 ms, found 1 plugins.
Preloading 0 native plugins for Editor in 0.00 ms.
Invoked RoslynAnalysisRunner static constructor.
RoslynAnalysisRunner will not be running.
RoslynAnalysisRunner has terminated.
Mono: successfully reloaded assembly
- Completed reload, in  1.175 seconds
Platform modules already initialized, skipping
Refreshing native plugins compatible for Editor in 0.22 ms, found 1 plugins.
Preloading 0 native plugins for Editor in 0.00 ms.
Unloading 1085 Unused Serialized files (Serialized files now loaded: 0)
System memory in use before: 139.7 MB.
System memory in use after: 139.8 MB.

Unloading 4 unused Assets to reduce memory usage. Loaded Objects now: 1579.
Total: 2.027631 ms (FindLiveObjects: 0.266467 ms CreateObjectMapping: 0.050458 ms MarkObjects: 1.693200 ms  DeleteObjects: 0.015652 ms)

========================================================================
Received Prepare
Registering precompiled user dll's ...
Registered in 0.000530 seconds.
Begin MonoManager ReloadAssembly
Native extension for WindowsStandalone target not found
Native extension for OSXStandalone target not found
Native extension for WebGL target not found
Refreshing native plugins compatible for Editor in 0.17 ms, found 1 plugins.
Preloading 0 native plugins for Editor in 0.00 ms.
Invoked RoslynAnalysisRunner static constructor.
RoslynAnalysisRunner will not be running.
RoslynAnalysisRunner has terminated.
Mono: successfully reloaded assembly
- Completed reload, in  0.770 seconds
Platform modules already initialized, skipping
Refreshing native plugins compatible for Editor in 0.13 ms, found 1 plugins.
Preloading 0 native plugins for Editor in 0.00 ms.
Unloading 1085 Unused Serialized files (Serialized files now loaded: 0)
System memory in use before: 139.9 MB.
System memory in use after: 140.0 MB.

Unloading 4 unused Assets to reduce memory usage. Loaded Objects now: 1581.
Total: 1.921640 ms (FindLiveObjects: 0.215135 ms CreateObjectMapping: 0.051684 ms MarkObjects: 1.635156 ms  DeleteObjects: 0.018006 ms)

========================================================================
Received Prepare
Registering precompiled user dll's ...
Registered in 0.000458 seconds.
Begin MonoManager ReloadAssembly
Native extension for WindowsStandalone target not found
Native extension for OSXStandalone target not found
Native extension for WebGL target not found
Refreshing native plugins compatible for Editor in 0.18 ms, found 1 plugins.
Preloading 0 native plugins for Editor in 0.00 ms.
Invoked RoslynAnalysisRunner static constructor.
RoslynAnalysisRunner will not be running.
RoslynAnalysisRunner has terminated.
Mono: successfully reloaded assembly
- Completed reload, in  0.902 seconds
Platform modules already initialized, skipping
Refreshing native plugins compatible for Editor in 0.24 ms, found 1 plugins.
Preloading 0 native plugins for Editor in 0.00 ms.
Unloading 1085 Unused Serialized files (Serialized files now loaded: 0)
System memory in use before: 140.1 MB.
System memory in use after: 140.2 MB.

Unloading 4 unused Assets to reduce memory usage. Loaded Objects now: 1583.
Total: 4.380862 ms (FindLiveObjects: 0.677224 ms CreateObjectMapping: 0.242211 ms MarkObjects: 3.373515 ms  DeleteObjects: 0.080133 ms)

========================================================================
Received Prepare
Registering precompiled user dll's ...
Registered in 0.000441 seconds.
Begin MonoManager ReloadAssembly
Native extension for WindowsStandalone target not found
Native extension for OSXStandalone target not found
Native extension for WebGL target not found
Refreshing native plugins compatible for Editor in 0.27 ms, found 1 plugins.
Preloading 0 native plugins for Editor in 0.00 ms.
Invoked RoslynAnalysisRunner static constructor.
RoslynAnalysisRunner will not be running.
RoslynAnalysisRunner has terminated.
Mono: successfully reloaded assembly
- Completed reload, in  0.806 seconds
Platform modules already initialized, skipping
Refreshing native plugins compatible for Editor in 0.16 ms, found 1 plugins.
Preloading 0 native plugins for Editor in 0.00 ms.
Unloading 1085 Unused Serialized files (Serialized files now loaded: 0)
System memory in use before: 140.3 MB.
System memory in use after: 140.4 MB.

Unloading 4 unused Assets to reduce memory usage. Loaded Objects now: 1585.
Total: 1.529247 ms (FindLiveObjects: 0.161364 ms CreateObjectMapping: 0.039320 ms MarkObjects: 1.312511 ms  DeleteObjects: 0.014681 ms)

========================================================================
Received Prepare
Registering precompiled user dll's ...
Registered in 0.000629 seconds.
Begin MonoManager ReloadAssembly
Native extension for WindowsStandalone target not found
Native extension for OSXStandalone target not found
Native extension for WebGL target not found
Refreshing native plugins compatible for Editor in 0.17 ms, found 1 plugins.
Preloading 0 native plugins for Editor in 0.00 ms.
Invoked RoslynAnalysisRunner static constructor.
RoslynAnalysisRunner will not be running.
RoslynAnalysisRunner has terminated.
Mono: successfully reloaded assembly
- Completed reload, in  0.790 seconds
Platform modules already initialized, skipping
Refreshing native plugins compatible for Editor in 0.19 ms, found 1 plugins.
Preloading 0 native plugins for Editor in 0.00 ms.
Unloading 1085 Unused Serialized files (Serialized files now loaded: 0)
System memory in use before: 140.5 MB.
System memory in use after: 140.6 MB.

Unloading 4 unused Assets to reduce memory usage. Loaded Objects now: 1587.
Total: 1.522439 ms (FindLiveObjects: 0.137083 ms CreateObjectMapping: 0.049858 ms MarkObjects: 1.321602 ms  DeleteObjects: 0.012954 ms)

========================================================================
Received Prepare
Registering precompiled user dll's ...
Registered in 0.000488 seconds.
Begin MonoManager ReloadAssembly
Native extension for WindowsStandalone target not found
Native extension for OSXStandalone target not found
Native extension for WebGL target not found
Refreshing native plugins compatible for Editor in 0.18 ms, found 1 plugins.
Preloading 0 native plugins for Editor in 0.00 ms.
Invoked RoslynAnalysisRunner static constructor.
RoslynAnalysisRunner will not be running.
RoslynAnalysisRunner has terminated.
Mono: successfully reloaded assembly
- Completed reload, in  0.791 seconds
Platform modules already initialized, skipping
Refreshing native plugins compatible for Editor in 0.18 ms, found 1 plugins.
Preloading 0 native plugins for Editor in 0.00 ms.
Unloading 1085 Unused Serialized files (Serialized files now loaded: 0)
System memory in use before: 140.7 MB.
System memory in use after: 140.8 MB.

Unloading 4 unused Assets to reduce memory usage. Loaded Objects now: 1589.
Total: 1.559739 ms (FindLiveObjects: 0.169261 ms CreateObjectMapping: 0.042307 ms MarkObjects: 1.332925 ms  DeleteObjects: 0.013632 ms)

AssetImportWorkerClient::OnTransportError - code=2 error=End of file
