Using pre-set license

 COMMAND LINE ARGUMENTS:
/Users/jamiemccarthy/Documents/Unity Stuff/2020.2.4f1/Unity.app/Contents/MacOS/Unity
-adb2
-batchMode
-noUpm
-name
AssetImportWorker0
-projectPath
/Users/jamiemccarthy/Documents/Unity Stuff/GameEngines2/Space Battle
-logFile
Logs/AssetImportWorker0.log
-srvPort
50634
Successfully changed project path to: /Users/jamiemccarthy/Documents/Unity Stuff/GameEngines2/Space Battle
/Users/jamiemccarthy/Documents/Unity Stuff/GameEngines2/Space Battle
Using Asset Import Pipeline V2.
Refreshing native plugins compatible for Editor in 20.47 ms, found 1 plugins.
Preloading 0 native plugins for Editor in 0.00 ms.
Initialize engine version: 2020.2.4f1 (becced5a802b)
[Subsystems] Discovering subsystems at path /Users/jamiemccarthy/Documents/Unity Stuff/2020.2.4f1/Unity.app/Contents/Resources/UnitySubsystems
[Subsystems] Discovering subsystems at path /Users/jamiemccarthy/Documents/Unity Stuff/GameEngines2/Space Battle/Assets
GfxDevice: creating device client; threaded=0
2021-04-05 15:22:11.615 Unity[1949:80040] Color LCD preferred device: Intel(R) UHD Graphics 630 (low power)
2021-04-05 15:22:11.615 Unity[1949:80040] Metal devices available: 2
2021-04-05 15:22:11.616 Unity[1949:80040] 0: AMD Radeon Pro 5500M (high power)
2021-04-05 15:22:11.616 Unity[1949:80040] 1: Intel(R) UHD Graphics 630 (low power)
2021-04-05 15:22:11.616 Unity[1949:80040] Using device AMD Radeon Pro 5500M (high power)
Initializing Metal device caps: AMD Radeon Pro 5500M
Initialize mono
Mono path[0] = '/Users/jamiemccarthy/Documents/Unity Stuff/2020.2.4f1/Unity.app/Contents/Managed'
Mono path[1] = '/Users/jamiemccarthy/Documents/Unity Stuff/2020.2.4f1/Unity.app/Contents/MonoBleedingEdge/lib/mono/unityjit'
Mono config path = '/Users/jamiemccarthy/Documents/Unity Stuff/2020.2.4f1/Unity.app/Contents/MonoBleedingEdge/etc'
Using monoOptions --debugger-agent=transport=dt_socket,embedding=1,server=y,suspend=n,address=127.0.0.1:56949
Begin MonoManager ReloadAssembly
Registering precompiled unity dll's ...
Register platform support module: /Users/jamiemccarthy/Documents/Unity Stuff/2020.2.4f1/PlaybackEngines/WebGLSupport/UnityEditor.WebGL.Extensions.dll
Register platform support module: /Users/jamiemccarthy/Documents/Unity Stuff/2020.2.4f1/Unity.app/Contents/PlaybackEngines/MacStandaloneSupport/UnityEditor.OSXStandalone.Extensions.dll
Register platform support module: /Users/jamiemccarthy/Documents/Unity Stuff/2020.2.4f1/PlaybackEngines/WindowsStandaloneSupport/UnityEditor.WindowsStandalone.Extensions.dll
Registered in 0.001172 seconds.
Native extension for WindowsStandalone target not found
Native extension for OSXStandalone target not found
Native extension for WebGL target not found
Refreshing native plugins compatible for Editor in 21.61 ms, found 1 plugins.
Preloading 0 native plugins for Editor in 0.00 ms.
Invoked RoslynAnalysisRunner static constructor.
RoslynAnalysisRunner will not be running.
RoslynAnalysisRunner has terminated.
Mono: successfully reloaded assembly
- Completed reload, in  2.192 seconds
Platform modules already initialized, skipping
Registering precompiled user dll's ...
Registered in 0.000537 seconds.
Begin MonoManager ReloadAssembly
Native extension for WindowsStandalone target not found
Native extension for OSXStandalone target not found
Native extension for WebGL target not found
Refreshing native plugins compatible for Editor in 0.18 ms, found 1 plugins.
Preloading 0 native plugins for Editor in 0.00 ms.
Invoked RoslynAnalysisRunner static constructor.
RoslynAnalysisRunner will not be running.
RoslynAnalysisRunner has terminated.
Mono: successfully reloaded assembly
- Completed reload, in  0.814 seconds
Platform modules already initialized, skipping
========================================================================
Worker process is ready to serve import requests
Launching external process: /Users/jamiemccarthy/Documents/Unity Stuff/2020.2.4f1/Unity.app/Contents/Tools/UnityShaderCompiler
Launched and connected shader compiler UnityShaderCompiler after 0.01 seconds
Refreshing native plugins compatible for Editor in 0.28 ms, found 1 plugins.
Preloading 0 native plugins for Editor in 0.00 ms.
Unloading 1090 Unused Serialized files (Serialized files now loaded: 0)
System memory in use before: 110.3 MB.
System memory in use after: 110.4 MB.

Unloading 9 unused Assets to reduce memory usage. Loaded Objects now: 1532.
Total: 1.827070 ms (FindLiveObjects: 0.166699 ms CreateObjectMapping: 0.045533 ms MarkObjects: 1.548996 ms  DeleteObjects: 0.064742 ms)

========================================================================
Received Import Request.
  path: Assets/Models/Whale/Purrgil.prefab
  artifactKey: Guid(37138cd1051154ba28891e2936c13d76) Importer(815301076,1909f56bfc062723c751e8b465ee728b)
Start importing Assets/Models/Whale/Purrgil.prefab using Guid(37138cd1051154ba28891e2936c13d76) Importer(815301076,1909f56bfc062723c751e8b465ee728b)  -> (artifact id: '0abfdfca65977ee462b84e41e9ae291d') in 2.213638 seconds
  Import took 2.215737 seconds .

========================================================================
Received Prepare
Registering precompiled user dll's ...
Registered in 0.000484 seconds.
Begin MonoManager ReloadAssembly
Native extension for WindowsStandalone target not found
Native extension for OSXStandalone target not found
Native extension for WebGL target not found
Refreshing native plugins compatible for Editor in 0.17 ms, found 1 plugins.
Preloading 0 native plugins for Editor in 0.00 ms.
Invoked RoslynAnalysisRunner static constructor.
RoslynAnalysisRunner will not be running.
RoslynAnalysisRunner has terminated.
Mono: successfully reloaded assembly
- Completed reload, in  0.767 seconds
Platform modules already initialized, skipping
Refreshing native plugins compatible for Editor in 0.12 ms, found 1 plugins.
Preloading 0 native plugins for Editor in 0.00 ms.
Unloading 1084 Unused Serialized files (Serialized files now loaded: 0)
System memory in use before: 131.9 MB.
System memory in use after: 132.0 MB.

Unloading 5 unused Assets to reduce memory usage. Loaded Objects now: 1543.
Total: 1.321448 ms (FindLiveObjects: 0.123460 ms CreateObjectMapping: 0.030512 ms MarkObjects: 1.149595 ms  DeleteObjects: 0.016807 ms)

========================================================================
Received Import Request.
  Time since last request: 436.105952 seconds.
  path: Assets/Models/Whale/Purrgil.prefab
  artifactKey: Guid(37138cd1051154ba28891e2936c13d76) Importer(815301076,1909f56bfc062723c751e8b465ee728b)
Start importing Assets/Models/Whale/Purrgil.prefab using Guid(37138cd1051154ba28891e2936c13d76) Importer(815301076,1909f56bfc062723c751e8b465ee728b)  -> (artifact id: '218acfe5743c5d9c7d28409ffcabf9e2') in 0.066132 seconds
  Import took 0.068336 seconds .

